<?xml version="1.0" encoding="UTF-8"?>
<!-- Generated by org.testng.reporters.JUnitReportReporter -->
<testsuite hostname="MSI" name="upskill.runners.RunnerClass" tests="5" failures="0" timestamp="7 Apr 2023 00:33:56 GMT" time="136.637" errors="0">
  <testcase name="feature" time="53.910" classname="upskill.runners.RunnerClass"/>
  <testcase name="feature" time="10.947" classname="upskill.runners.RunnerClass"/>
  <testcase name="feature" time="36.327" classname="upskill.runners.RunnerClass"/>
  <testcase name="feature" time="18.860" classname="upskill.runners.RunnerClass"/>
  <testcase name="feature" time="16.593" classname="upskill.runners.RunnerClass"/>
</testsuite> <!-- upskill.runners.RunnerClass -->
